# JRE version: Java(TM) SE Runtime Environment (8.0_311-b11) (build 1.8.0_311-b11)
# Java VM: Java HotSpot(TM) 64-Bit Server VM (25.311-b11 mixed mode windows-amd64 compressed oops)
Heap:
 PSYoungGen      total 26624K, used 5835K [0x00000000eb700000, 0x00000000ed900000, 0x0000000100000000)
  eden space 24064K, 24% used [0x00000000eb700000,0x00000000ebcb2e90,0x00000000ece80000)
  from space 2560K, 0% used [0x00000000ed400000,0x00000000ed400000,0x00000000ed680000)
  to   space 512K, 0% used [0x00000000ed880000,0x00000000ed880000,0x00000000ed900000)
 ParOldGen       total 59904K, used 20893K [0x00000000c2400000, 0x00000000c5e80000, 0x00000000eb700000)
  object space 59904K, 34% used [0x00000000c2400000,0x00000000c3867470,0x00000000c5e80000)
 Metaspace       used 12022K, capacity 12284K, committed 12544K, reserved 1062912K
  class space    used 1586K, capacity 1676K, committed 1792K, reserved 1048576K
GC Heap History (10 events):
Event: 0.352 GC heap before
{Heap before GC invocations=1 (full 0):
 PSYoungGen      total 18432K, used 15872K [0x00000000eb700000, 0x00000000ecb80000, 0x0000000100000000)
  eden space 15872K, 100% used [0x00000000eb700000,0x00000000ec680000,0x00000000ec680000)
  from space 2560K, 0% used [0x00000000ec900000,0x00000000ec900000,0x00000000ecb80000)
  to   space 2560K, 0% used [0x00000000ec680000,0x00000000ec680000,0x00000000ec900000)
 ParOldGen       total 42496K, used 0K [0x00000000c2400000, 0x00000000c4d80000, 0x00000000eb700000)
  object space 42496K, 0% used [0x00000000c2400000,0x00000000c2400000,0x00000000c4d80000)
 Metaspace       used 8281K, capacity 8434K, committed 8576K, reserved 1056768K
  class space    used 965K, capacity 1063K, committed 1152K, reserved 1048576K
Event: 0.364 GC heap after
Heap after GC invocations=1 (full 0):
 PSYoungGen      total 18432K, used 1488K [0x00000000eb700000, 0x00000000edb00000, 0x0000000100000000)
  eden space 15872K, 0% used [0x00000000eb700000,0x00000000eb700000,0x00000000ec680000)
  from space 2560K, 58% used [0x00000000ec680000,0x00000000ec7f4010,0x00000000ec900000)
  to   space 2560K, 0% used [0x00000000ed880000,0x00000000ed880000,0x00000000edb00000)
 ParOldGen       total 42496K, used 24308K [0x00000000c2400000, 0x00000000c4d80000, 0x00000000eb700000)
  object space 42496K, 57% used [0x00000000c2400000,0x00000000c3bbd030,0x00000000c4d80000)
 Metaspace       used 8281K, capacity 8434K, committed 8576K, reserved 1056768K
  class space    used 965K, capacity 1063K, committed 1152K, reserved 1048576K
}
Event: 0.364 GC heap before
{Heap before GC invocations=2 (full 1):
 PSYoungGen      total 18432K, used 1488K [0x00000000eb700000, 0x00000000edb00000, 0x0000000100000000)
  eden space 15872K, 0% used [0x00000000eb700000,0x00000000eb700000,0x00000000ec680000)
  from space 2560K, 58% used [0x00000000ec680000,0x00000000ec7f4010,0x00000000ec900000)
  to   space 2560K, 0% used [0x00000000ed880000,0x00000000ed880000,0x00000000edb00000)
 ParOldGen       total 42496K, used 24308K [0x00000000c2400000, 0x00000000c4d80000, 0x00000000eb700000)
  object space 42496K, 57% used [0x00000000c2400000,0x00000000c3bbd030,0x00000000c4d80000)
 Metaspace       used 8281K, capacity 8434K, committed 8576K, reserved 1056768K
  class space    used 965K, capacity 1063K, committed 1152K, reserved 1048576K
Event: 0.383 GC heap after
Heap after GC invocations=2 (full 1):
 PSYoungGen      total 18432K, used 0K [0x00000000eb700000, 0x00000000edb00000, 0x0000000100000000)
  eden space 15872K, 0% used [0x00000000eb700000,0x00000000eb700000,0x00000000ec680000)
  from space 2560K, 0% used [0x00000000ec680000,0x00000000ec680000,0x00000000ec900000)
  to   space 2560K, 0% used [0x00000000ed880000,0x00000000ed880000,0x00000000edb00000)
 ParOldGen       total 59904K, used 9579K [0x00000000c2400000, 0x00000000c5e80000, 0x00000000eb700000)
  object space 59904K, 15% used [0x00000000c2400000,0x00000000c2d5ac50,0x00000000c5e80000)
 Metaspace       used 8281K, capacity 8434K, committed 8576K, reserved 1056768K
  class space    used 965K, capacity 1063K, committed 1152K, reserved 1048576K
}
Event: 0.506 GC heap before
{Heap before GC invocations=3 (full 1):
 PSYoungGen      total 18432K, used 15869K [0x00000000eb700000, 0x00000000edb00000, 0x0000000100000000)
  eden space 15872K, 99% used [0x00000000eb700000,0x00000000ec67f758,0x00000000ec680000)
  from space 2560K, 0% used [0x00000000ec680000,0x00000000ec680000,0x00000000ec900000)
  to   space 2560K, 0% used [0x00000000ed880000,0x00000000ed880000,0x00000000edb00000)
 ParOldGen       total 59904K, used 9579K [0x00000000c2400000, 0x00000000c5e80000, 0x00000000eb700000)
  object space 59904K, 15% used [0x00000000c2400000,0x00000000c2d5ac50,0x00000000c5e80000)
 Metaspace       used 8287K, capacity 8434K, committed 8576K, reserved 1056768K
  class space    used 967K, capacity 1063K, committed 1152K, reserved 1048576K
Event: 0.516 GC heap after
Heap after GC invocations=3 (full 1):
 PSYoungGen      total 24576K, used 160K [0x00000000eb700000, 0x00000000ed900000, 0x0000000100000000)
  eden space 24064K, 0% used [0x00000000eb700000,0x00000000eb700000,0x00000000ece80000)
  from space 512K, 31% used [0x00000000ed880000,0x00000000ed8a8000,0x00000000ed900000)
  to   space 2560K, 0% used [0x00000000ed400000,0x00000000ed400000,0x00000000ed680000)
 ParOldGen       total 59904K, used 32430K [0x00000000c2400000, 0x00000000c5e80000, 0x00000000eb700000)
  object space 59904K, 54% used [0x00000000c2400000,0x00000000c43abac0,0x00000000c5e80000)
 Metaspace       used 8287K, capacity 8434K, committed 8576K, reserved 1056768K
  class space    used 967K, capacity 1063K, committed 1152K, reserved 1048576K
}
Event: 3.153 GC heap before
{Heap before GC invocations=4 (full 1):
 PSYoungGen      total 24576K, used 12451K [0x00000000eb700000, 0x00000000ed900000, 0x0000000100000000)
  eden space 24064K, 51% used [0x00000000eb700000,0x00000000ec300f18,0x00000000ece80000)
  from space 512K, 31% used [0x00000000ed880000,0x00000000ed8a8000,0x00000000ed900000)
  to   space 2560K, 0% used [0x00000000ed400000,0x00000000ed400000,0x00000000ed680000)
 ParOldGen       total 59904K, used 32430K [0x00000000c2400000, 0x00000000c5e80000, 0x00000000eb700000)
  object space 59904K, 54% used [0x00000000c2400000,0x00000000c43abac0,0x00000000c5e80000)
 Metaspace       used 11919K, capacity 12118K, committed 12160K, reserved 1064960K
  class space    used 1569K, capacity 1643K, committed 1664K, reserved 1048576K
Event: 3.161 GC heap after
Heap after GC invocations=4 (full 1):
 PSYoungGen      total 26624K, used 576K [0x00000000eb700000, 0x00000000ed900000, 0x0000000100000000)
  eden space 24064K, 0% used [0x00000000eb700000,0x00000000eb700000,0x00000000ece80000)
  from space 2560K, 22% used [0x00000000ed400000,0x00000000ed490000,0x00000000ed680000)
  to   space 512K, 0% used [0x00000000ed880000,0x00000000ed880000,0x00000000ed900000)
 ParOldGen       total 59904K, used 42128K [0x00000000c2400000, 0x00000000c5e80000, 0x00000000eb700000)
  object space 59904K, 70% used [0x00000000c2400000,0x00000000c4d242f0,0x00000000c5e80000)
 Metaspace       used 11919K, capacity 12118K, committed 12160K, reserved 1064960K
  class space    used 1569K, capacity 1643K, committed 1664K, reserved 1048576K
}
Event: 3.161 GC heap before
{Heap before GC invocations=5 (full 2):
 PSYoungGen      total 26624K, used 576K [0x00000000eb700000, 0x00000000ed900000, 0x0000000100000000)
  eden space 24064K, 0% used [0x00000000eb700000,0x00000000eb700000,0x00000000ece80000)
  from space 2560K, 22% used [0x00000000ed400000,0x00000000ed490000,0x00000000ed680000)
  to   space 512K, 0% used [0x00000000ed880000,0x00000000ed880000,0x00000000ed900000)
 ParOldGen       total 59904K, used 42128K [0x00000000c2400000, 0x00000000c5e80000, 0x00000000eb700000)
  object space 59904K, 70% used [0x00000000c2400000,0x00000000c4d242f0,0x00000000c5e80000)
 Metaspace       used 11919K, capacity 12118K, committed 12160K, reserved 1064960K
  class space    used 1569K, capacity 1643K, committed 1664K, reserved 1048576K
Event: 3.184 GC heap after
Heap after GC invocations=5 (full 2):
 PSYoungGen      total 26624K, used 0K [0x00000000eb700000, 0x00000000ed900000, 0x0000000100000000)
  eden space 24064K, 0% used [0x00000000eb700000,0x00000000eb700000,0x00000000ece80000)
  from space 2560K, 0% used [0x00000000ed400000,0x00000000ed400000,0x00000000ed680000)
  to   space 512K, 0% used [0x00000000ed880000,0x00000000ed880000,0x00000000ed900000)
 ParOldGen       total 59904K, used 20893K [0x00000000c2400000, 0x00000000c5e80000, 0x00000000eb700000)
  object space 59904K, 34% used [0x00000000c2400000,0x00000000c3867470,0x00000000c5e80000)
 Metaspace       used 11919K, capacity 12118K, committed 12160K, reserved 1062912K
  class space    used 1569K, capacity 1643K, committed 1664K, reserved 1048576K
}

